<?xml version="1.0" encoding="UTF-8"?>
<!-- Generated by org.testng.reporters.JUnitXMLReporter -->
<testsuite ignored="0" hostname="INDPRFTCPL1690" failures="1" tests="3" name="ErrorValidation_Tests" time="36.062" errors="0" timestamp="2024-08-12T15:13:39 IST">
  <testcase classname="Perficient.SeleniumFrameworkDesign.LoginError" name="loginErrorValidation" time="0.765"/>
  <testcase classname="Perficient.SeleniumFrameworkDesign.LoginError" name="productErrorValidation" time="13.774">
    <skipped/>
  </testcase> <!-- productErrorValidation -->
  <testcase classname="Perficient.SeleniumFrameworkDesign.LoginError" name="productErrorValidation" time="13.772">
    <failure type="java.lang.AssertionError" message="expected [true] but found [false]">
      <![CDATA[java.lang.AssertionError: expected [true] but found [false]
at Perficient.SeleniumFrameworkDesign.LoginError.productErrorValidation(LoginError.java:30)
at java.base/java.util.ArrayList.forEach(ArrayList.java:1541)
... Removed 35 stack frames]]>
    </failure>
  </testcase> <!-- productErrorValidation -->
</testsuite> <!-- ErrorValidation_Tests -->
