<!DOCTYPE html PUBLIC "-//W3C//DTD XHTML 1.1//EN" "https://www.w3.org/TR/xhtml11/DTD/xhtml11.dtd">
<html xmlns="https://www.w3.org/1999/xhtml">
<head>
<meta http-equiv="content-type" content="text/html; charset=UTF-8"/>
<title>TestNG Report</title>
<style type="text/css">table {margin-bottom:10px;border-collapse:collapse;empty-cells:show}th,td {border:1px solid #009;padding:.25em .5em}th {vertical-align:bottom}td {vertical-align:top}table a {font-weight:bold}.stripe td {background-color: #E6EBF9}.num {text-align:right}.passedodd td {background-color: #3F3}.passedeven td {background-color: #0A0}.skippedodd td {background-color: #DDD}.skippedeven td {background-color: #CCC}.failedodd td,.attn {background-color: #F33}.failedeven td,.stripe .attn {background-color: #D00}.stacktrace {white-space:pre;font-family:monospace}.totop {font-size:85%;text-align:center;border-bottom:2px solid #000}.invisible {display:none}</style>
</head>
<body>
<table>
<tr><th>Test</th><th># Passed</th><th># Skipped</th><th># Retried</th><th># Failed</th><th>Time (ms)</th><th>Included Groups</th><th>Excluded Groups</th></tr>
<tr><th colspan="8">Suite</th></tr>
<tr><td><a href="#t0">Functional_Tests</a></td><td class="num">3</td><td class="num">0</td><td class="num">0</td><td class="num">0</td><td class="num">46,484</td><td></td><td></td></tr>
<tr class="stripe"><td><a href="#t1">ErrorValidation_Tests</a></td><td class="num">1</td><td class="num">0</td><td class="num attn">1</td><td class="num attn">1</td><td class="num">36,062</td><td></td><td></td></tr>
<tr><th>Total</th><th class="num">4</th><th class="num">0</th><th class="num attn">1</th><th class="num attn">1</th><th class="num">82,546</th><th colspan="2"></th></tr>
</table>
<table id='summary'><thead><tr><th>Class</th><th>Method</th><th>Start</th><th>Time (ms)</th></tr></thead><tbody><tr><th colspan="4">Suite</th></tr></tbody><tbody id="t0"><tr><th colspan="4">Functional_Tests &#8212; passed</th></tr><tr class="passedeven"><td rowspan="3">Perficient.SeleniumFrameworkDesign.pageObject</td><td><a href="#m0">OrderList</a></td><td rowspan="1">1723455781490</td><td rowspan="1">1057</td></tr><tr class="passedeven"><td><a href="#m1">submitOrder</a></td><td rowspan="2">1723455743328</td><td rowspan="2">16423</td></tr><tr class="passedeven"><td><a href="#m2">submitOrder</a></td></tr></tbody>
<tbody id="t1"><tr><th colspan="4">ErrorValidation_Tests &#8212; failed</th></tr><tr class="failedeven"><td rowspan="1">Perficient.SeleniumFrameworkDesign.LoginError</td><td><a href="#m3">productErrorValidation</a></td><td rowspan="1">1723455804944</td><td rowspan="1">13772</td></tr><tr><th colspan="4">ErrorValidation_Tests &#8212; retried</th></tr><tr class="retriedeven"><td rowspan="1">Perficient.SeleniumFrameworkDesign.LoginError</td><td><a href="#m4">productErrorValidation</a></td><td rowspan="1">1723455789137</td><td rowspan="1">13774</td></tr><tr><th colspan="4">ErrorValidation_Tests &#8212; passed</th></tr><tr class="passedeven"><td rowspan="1">Perficient.SeleniumFrameworkDesign.LoginError</td><td><a href="#m5">loginErrorValidation</a></td><td rowspan="1">1723455786429</td><td rowspan="1">765</td></tr></tbody>
</table>
<h2>Functional_Tests</h2><h3 id="m0">Perficient.SeleniumFrameworkDesign.pageObject#OrderList</h3><table class="result"><tr><th class="invisible"/></tr></table><p class="totop"><a href="#summary">back to summary</a></p>
<h3 id="m1">Perficient.SeleniumFrameworkDesign.pageObject#submitOrder</h3><table class="result"><tr class="param"><th>Parameter #1</th></tr><tr class="param stripe"><td>{password=Test@123, product=ZARA COAT 3, email=divyak@gmail.com}</td></tr></table><p class="totop"><a href="#summary">back to summary</a></p>
<h3 id="m2">Perficient.SeleniumFrameworkDesign.pageObject#submitOrder</h3><table class="result"><tr class="param"><th>Parameter #1</th></tr><tr class="param stripe"><td>{password=Iamking@000, product=ADIDAS ORIGINAL, email=anshika@gmail.com}</td></tr></table><p class="totop"><a href="#summary">back to summary</a></p>
<h2>ErrorValidation_Tests</h2><h3 id="m3">Perficient.SeleniumFrameworkDesign.LoginError#productErrorValidation</h3><table class="result"><tr><th>Exception</th></tr><tr><td><div class="stacktrace">java.lang.AssertionError: expected [true] but found [false]
	at Perficient.SeleniumFrameworkDesign.LoginError.productErrorValidation(LoginError.java:30)
	at java.base/java.util.ArrayList.forEach(ArrayList.java:1541)
... Removed 35 stack frames</div></td></tr></table><p class="totop"><a href="#summary">back to summary</a></p>
<h3 id="m4">Perficient.SeleniumFrameworkDesign.LoginError#productErrorValidation</h3><table class="result"><tr><th>Exception</th></tr><tr><td><div class="stacktrace">java.lang.AssertionError: expected [true] but found [false]
	at Perficient.SeleniumFrameworkDesign.LoginError.productErrorValidation(LoginError.java:30)
	at java.base/java.util.ArrayList.forEach(ArrayList.java:1541)
... Removed 35 stack frames</div></td></tr></table><p class="totop"><a href="#summary">back to summary</a></p>
<h3 id="m5">Perficient.SeleniumFrameworkDesign.LoginError#loginErrorValidation</h3><table class="result"><tr><th class="invisible"/></tr></table><p class="totop"><a href="#summary">back to summary</a></p>
</body>
</html>
